Using pre-set license
Built from '2021.3/staging' branch; Version is '2021.3.1f1 (3b70a0754835) revision 3895456'; Using compiler version '192829333'; Build Type 'Release'
OS: 'Windows 10  (10.0.19045) 64bit Education' Language: 'ko' Physical Memory: 16328 MB
BatchMode: 1, IsHumanControllingUs: 0, StartBugReporterOnCrash: 0, Is64bit: 1, IsPro: 1

COMMAND LINE ARGUMENTS:
C:\Program Files\Unity\Hub\Editor\2021.3.1f1\Editor\Unity.exe
-adb2
-batchMode
-noUpm
-name
AssetImportWorker0
-projectPath
C:/Users/judykoo6/Documents/project_Wednesday
-logFile
Logs/AssetImportWorker0.log
-srvPort
59716
Successfully changed project path to: C:/Users/judykoo6/Documents/project_Wednesday
C:/Users/judykoo6/Documents/project_Wednesday
[UnityMemory] Configuration Parameters - Can be set up in boot.config
    "memorysetup-bucket-allocator-granularity=16"
    "memorysetup-bucket-allocator-bucket-count=8"
    "memorysetup-bucket-allocator-block-size=33554432"
    "memorysetup-bucket-allocator-block-count=8"
    "memorysetup-main-allocator-block-size=16777216"
    "memorysetup-thread-allocator-block-size=16777216"
    "memorysetup-gfx-main-allocator-block-size=16777216"
    "memorysetup-gfx-thread-allocator-block-size=16777216"
    "memorysetup-cache-allocator-block-size=4194304"
    "memorysetup-typetree-allocator-block-size=2097152"
    "memorysetup-profiler-bucket-allocator-granularity=16"
    "memorysetup-profiler-bucket-allocator-bucket-count=8"
    "memorysetup-profiler-bucket-allocator-block-size=33554432"
    "memorysetup-profiler-bucket-allocator-block-count=8"
    "memorysetup-profiler-allocator-block-size=16777216"
    "memorysetup-profiler-editor-allocator-block-size=1048576"
    "memorysetup-temp-allocator-size-main=16777216"
    "memorysetup-job-temp-allocator-block-size=2097152"
    "memorysetup-job-temp-allocator-block-size-background=1048576"
    "memorysetup-job-temp-allocator-reduction-small-platforms=262144"
    "memorysetup-temp-allocator-size-background-worker=32768"
    "memorysetup-temp-allocator-size-job-worker=262144"
    "memorysetup-temp-allocator-size-preload-manager=33554432"
    "memorysetup-temp-allocator-size-nav-mesh-worker=65536"
    "memorysetup-temp-allocator-size-audio-worker=65536"
    "memorysetup-temp-allocator-size-cloud-worker=32768"
    "memorysetup-temp-allocator-size-gi-baking-worker=262144"
    "memorysetup-temp-allocator-size-gfx=262144"
Refreshing native plugins compatible for Editor in 64.41 ms, found 3 plugins.
Preloading 0 native plugins for Editor in 0.00 ms.
Initialize engine version: 2021.3.1f1 (3b70a0754835)
[Subsystems] Discovering subsystems at path C:/Program Files/Unity/Hub/Editor/2021.3.1f1/Editor/Data/Resources/UnitySubsystems
[Subsystems] Discovering subsystems at path C:/Users/judykoo6/Documents/project_Wednesday/Assets
GfxDevice: creating device client; threaded=0; jobified=0
Direct3D:
    Version:  Direct3D 11.0 [level 11.1]
    Renderer: NVIDIA GeForce RTX 3070 (ID=0x2484)
    Vendor:   NVIDIA
    VRAM:     8031 MB
    Driver:   31.0.15.3623
Initialize mono
Mono path[0] = 'C:/Program Files/Unity/Hub/Editor/2021.3.1f1/Editor/Data/Managed'
Mono path[1] = 'C:/Program Files/Unity/Hub/Editor/2021.3.1f1/Editor/Data/MonoBleedingEdge/lib/mono/unityjit-win32'
Mono config path = 'C:/Program Files/Unity/Hub/Editor/2021.3.1f1/Editor/Data/MonoBleedingEdge/etc'
Using monoOptions --debugger-agent=transport=dt_socket,embedding=1,server=y,suspend=n,address=127.0.0.1:56884
Begin MonoManager ReloadAssembly
Registering precompiled unity dll's ...
Register platform support module: C:/Program Files/Unity/Hub/Editor/2021.3.1f1/Editor/Data/PlaybackEngines/WebGLSupport/UnityEditor.WebGL.Extensions.dll
Register platform support module: C:/Program Files/Unity/Hub/Editor/2021.3.1f1/Editor/Data/PlaybackEngines/WindowsStandaloneSupport/UnityEditor.WindowsStandalone.Extensions.dll
Registered in 0.011237 seconds.
Native extension for WindowsStandalone target not found
Native extension for WebGL target not found
Refreshing native plugins compatible for Editor in 61.19 ms, found 3 plugins.
Preloading 0 native plugins for Editor in 0.00 ms.
Mono: successfully reloaded assembly
- Completed reload, in  0.537 seconds
Domain Reload Profiling:
	ReloadAssembly (538ms)
		BeginReloadAssembly (78ms)
			ExecutionOrderSort (0ms)
			DisableScriptedObjects (0ms)
			BackupInstance (0ms)
			ReleaseScriptingObjects (0ms)
			CreateAndSetChildDomain (1ms)
		EndReloadAssembly (357ms)
			LoadAssemblies (74ms)
			RebuildTransferFunctionScriptingTraits (0ms)
			SetupTypeCache (80ms)
			ReleaseScriptCaches (0ms)
			RebuildScriptCaches (22ms)
			SetupLoadedEditorAssemblies (207ms)
				LogAssemblyErrors (0ms)
				InitializePlatformSupportModulesInManaged (9ms)
				SetLoadedEditorAssemblies (0ms)
				RefreshPlugins (61ms)
				BeforeProcessingInitializeOnLoad (1ms)
				ProcessInitializeOnLoadAttributes (93ms)
				ProcessInitializeOnLoadMethodAttributes (42ms)
				AfterProcessingInitializeOnLoad (0ms)
				EditorAssembliesLoaded (0ms)
			ExecutionOrderSort2 (0ms)
			AwakeInstancesAfterBackupRestoration (0ms)
Platform modules already initialized, skipping
Registering precompiled user dll's ...
Registered in 0.007532 seconds.
Begin MonoManager ReloadAssembly
Symbol file LoadedFromMemory doesn't match image C:\Users\judykoo6\Documents\project_Wednesday\Library\PackageCache\com.unity.visualscripting@1.7.6\Editor\VisualScripting.Core\Dependencies\YamlDotNet\Unity.VisualScripting.YamlDotNet.dll
Symbol file LoadedFromMemory is not a mono symbol file
Symbol file LoadedFromMemory doesn't match image C:\Users\judykoo6\Documents\project_Wednesday\Library\PackageCache\com.unity.visualscripting@1.7.6\Editor\VisualScripting.Core\Dependencies\DotNetZip\Unity.VisualScripting.IonicZip.dll
Native extension for WindowsStandalone target not found
Native extension for WebGL target not found
Refreshing native plugins compatible for Editor in 0.41 ms, found 3 plugins.
Preloading 0 native plugins for Editor in 0.00 ms.
Mono: successfully reloaded assembly
- Completed reload, in  0.876 seconds
Domain Reload Profiling:
	ReloadAssembly (877ms)
		BeginReloadAssembly (119ms)
			ExecutionOrderSort (0ms)
			DisableScriptedObjects (5ms)
			BackupInstance (0ms)
			ReleaseScriptingObjects (0ms)
			CreateAndSetChildDomain (20ms)
		EndReloadAssembly (657ms)
			LoadAssemblies (143ms)
			RebuildTransferFunctionScriptingTraits (0ms)
			SetupTypeCache (174ms)
			ReleaseScriptCaches (0ms)
			RebuildScriptCaches (36ms)
			SetupLoadedEditorAssemblies (281ms)
				LogAssemblyErrors (0ms)
				InitializePlatformSupportModulesInManaged (8ms)
				SetLoadedEditorAssemblies (0ms)
				RefreshPlugins (0ms)
				BeforeProcessingInitializeOnLoad (75ms)
				ProcessInitializeOnLoadAttributes (165ms)
				ProcessInitializeOnLoadMethodAttributes (18ms)
				AfterProcessingInitializeOnLoad (14ms)
				EditorAssembliesLoaded (0ms)
			ExecutionOrderSort2 (0ms)
			AwakeInstancesAfterBackupRestoration (14ms)
Platform modules already initialized, skipping
========================================================================
Worker process is ready to serve import requests
Launched and connected shader compiler UnityShaderCompiler.exe after 0.07 seconds
Refreshing native plugins compatible for Editor in 0.83 ms, found 3 plugins.
Preloading 0 native plugins for Editor in 0.00 ms.
Unloading 3233 Unused Serialized files (Serialized files now loaded: 0)
Unloading 22 unused Assets / (119.7 KB). Loaded Objects now: 3695.
Memory consumption went from 113.5 MB to 113.4 MB.
Total: 4.677900 ms (FindLiveObjects: 0.877300 ms CreateObjectMapping: 0.253200 ms MarkObjects: 3.425900 ms  DeleteObjects: 0.120500 ms)

AssetImportParameters requested are different than current active one (requested -> active):
  custom:video-decoder-ogg-theora: a1e56fd34408186e4bbccfd4996cb3dc -> 
  custom:container-muxer-webm: aa71ff27fc2769a1b78a27578f13a17b -> 
  custom:container-demuxer-webm: 4f35f7cbe854078d1ac9338744f61a02 -> 
  custom:video-encoder-webm-vp8: eb34c28f22e8b96e1ab97ce403110664 -> 
  custom:audio-encoder-webm-vorbis: bf7c407c2cedff20999df2af8eb42d56 -> 
  custom:framework-win-MediaFoundation: 216162199b28c13a410421893ffa2e32 -> 
  custom:container-demuxer-ogg: 62fdf1f143b41e24485cea50d1cbac27 -> 
  custom:video-decoder-webm-vp8: 9c59270c3fd7afecdb556c50c9e8de78 -> 
  custom:audio-decoder-ogg-vorbis: bf7c407c2cedff20999df2af8eb42d56 -> 
========================================================================
Received Import Request.
  Time since last request: 2300188.156675 seconds.
  path: Assets/Height Fog
  artifactKey: Guid(4c7f303487e2646409f1b35cdefe773c) Importer(815301076,1909f56bfc062723c751e8b465ee728b)
Start importing Assets/Height Fog using Guid(4c7f303487e2646409f1b35cdefe773c) Importer(815301076,1909f56bfc062723c751e8b465ee728b)  -> (artifact id: '83fe7111b70f0c3ace20090158839419') in 0.015062 seconds 
========================================================================
Received Import Request.
  Time since last request: 56.859392 seconds.
  path: Assets/_TerrainAutoUpgrade
  artifactKey: Guid(a442ff49943a7b648ae865b6744242ee) Importer(815301076,1909f56bfc062723c751e8b465ee728b)
Start importing Assets/_TerrainAutoUpgrade using Guid(a442ff49943a7b648ae865b6744242ee) Importer(815301076,1909f56bfc062723c751e8b465ee728b)  -> (artifact id: 'd240f57463de7d513efed37c2a845190') in 0.007127 seconds 
========================================================================
Received Import Request.
  Time since last request: 0.918818 seconds.
  path: Assets/_TerrainAutoUpgrade/layer_Ground1cc0f254a2c535401.terrainlayer
  artifactKey: Guid(f8b9d20407584794780a23d761cd9020) Importer(815301076,1909f56bfc062723c751e8b465ee728b)
Start importing Assets/_TerrainAutoUpgrade/layer_Ground1cc0f254a2c535401.terrainlayer using Guid(f8b9d20407584794780a23d761cd9020) Importer(815301076,1909f56bfc062723c751e8b465ee728b)  -> (artifact id: '3ae16eb13ac9db9f1259ace1a93849d6') in 0.080894 seconds 
========================================================================
Received Import Request.
  Time since last request: 0.000016 seconds.
  path: Assets/_TerrainAutoUpgrade/layer_Ground3cc0f254a2c535401.terrainlayer
  artifactKey: Guid(ded2010a3066eff4081b629cff438d14) Importer(815301076,1909f56bfc062723c751e8b465ee728b)
Start importing Assets/_TerrainAutoUpgrade/layer_Ground3cc0f254a2c535401.terrainlayer using Guid(ded2010a3066eff4081b629cff438d14) Importer(815301076,1909f56bfc062723c751e8b465ee728b)  -> (artifact id: '42e79fb1b548128149d4d4212e3ccc36') in 0.011430 seconds 
========================================================================
Received Import Request.
  Time since last request: 7.369611 seconds.
  path: Assets/Runemark Studio
  artifactKey: Guid(ad80e2839448cd643a0536d8fae9b965) Importer(815301076,1909f56bfc062723c751e8b465ee728b)
Start importing Assets/Runemark Studio using Guid(ad80e2839448cd643a0536d8fae9b965) Importer(815301076,1909f56bfc062723c751e8b465ee728b)  -> (artifact id: '08697faa78531e946b9e8aab8fef9e28') in 0.006861 seconds 
========================================================================
Received Import Request.
  Time since last request: 2.010486 seconds.
  path: Assets/Runemark Studio/Freebies
  artifactKey: Guid(645795aa0ea8c2d40ad2216422d2ee9a) Importer(815301076,1909f56bfc062723c751e8b465ee728b)
Start importing Assets/Runemark Studio/Freebies using Guid(645795aa0ea8c2d40ad2216422d2ee9a) Importer(815301076,1909f56bfc062723c751e8b465ee728b)  -> (artifact id: '8841e45a7811227fb2b3c4d5a219d1e4') in 0.008610 seconds 
========================================================================
Received Import Request.
  Time since last request: 1.208707 seconds.
  path: Assets/Runemark Studio/Freebies/PolyDesert Mobile
  artifactKey: Guid(2570d6eea2a2dbf4bac076d988b306d4) Importer(815301076,1909f56bfc062723c751e8b465ee728b)
Start importing Assets/Runemark Studio/Freebies/PolyDesert Mobile using Guid(2570d6eea2a2dbf4bac076d988b306d4) Importer(815301076,1909f56bfc062723c751e8b465ee728b)  -> (artifact id: '8719fa12b8fc0862c3f0d91313416647') in 0.006636 seconds 
========================================================================
Received Import Request.
  Time since last request: 1.059677 seconds.
  path: Assets/Runemark Studio/Freebies/PolyDesert Mobile/DesertScene_mobile.unity
  artifactKey: Guid(045c131302019b040929a92b606ec3aa) Importer(815301076,1909f56bfc062723c751e8b465ee728b)
Start importing Assets/Runemark Studio/Freebies/PolyDesert Mobile/DesertScene_mobile.unity using Guid(045c131302019b040929a92b606ec3aa) Importer(815301076,1909f56bfc062723c751e8b465ee728b)  -> (artifact id: 'd9550b60455a2ba9c83d7057cc63b30d') in 0.007016 seconds 
========================================================================
Received Import Request.
  Time since last request: 15.888741 seconds.
  path: Assets/Runemark Studio/Freebies/PolyDesert Mobile/Materials
  artifactKey: Guid(515eee979c2a8c6438cf9142e584024b) Importer(815301076,1909f56bfc062723c751e8b465ee728b)
Start importing Assets/Runemark Studio/Freebies/PolyDesert Mobile/Materials using Guid(515eee979c2a8c6438cf9142e584024b) Importer(815301076,1909f56bfc062723c751e8b465ee728b)  -> (artifact id: '04c3ce10a3f9578192b58860ef369169') in 0.009765 seconds 
========================================================================
Received Import Request.
  Time since last request: 0.478144 seconds.
  path: Assets/Runemark Studio/Freebies/PolyDesert Mobile/Meshes
  artifactKey: Guid(f415cfcdb394f8a4bab6341366053ee1) Importer(815301076,1909f56bfc062723c751e8b465ee728b)
Start importing Assets/Runemark Studio/Freebies/PolyDesert Mobile/Meshes using Guid(f415cfcdb394f8a4bab6341366053ee1) Importer(815301076,1909f56bfc062723c751e8b465ee728b)  -> (artifact id: '8ccbfa12e0d8939785cf1d338b949a0b') in 0.007355 seconds 
========================================================================
Received Import Request.
  Time since last request: 173.242700 seconds.
  path: Assets/Scenes
  artifactKey: Guid(6ea315d0fd7389c41b19996891e99ae3) Importer(815301076,1909f56bfc062723c751e8b465ee728b)
Start importing Assets/Scenes using Guid(6ea315d0fd7389c41b19996891e99ae3) Importer(815301076,1909f56bfc062723c751e8b465ee728b)  -> (artifact id: 'b8193726cff86800c54781cdc6d54904') in 0.009357 seconds 
========================================================================
Received Import Request.
  Time since last request: 2.075800 seconds.
  path: Assets
  artifactKey: Guid(00000000000000001000000000000000) Importer(815301076,1909f56bfc062723c751e8b465ee728b)
Start importing Assets using Guid(00000000000000001000000000000000) Importer(815301076,1909f56bfc062723c751e8b465ee728b)  -> (artifact id: '79842766b460edbeab6a34051e857a80') in 0.006790 seconds 
========================================================================
Received Import Request.
  Time since last request: 6.722236 seconds.
  path: Assets/Test.cs
  artifactKey: Guid(f8bd1ab4645a1754f9fc09bb2d0c0e7e) Importer(815301076,1909f56bfc062723c751e8b465ee728b)
Start importing Assets/Test.cs using Guid(f8bd1ab4645a1754f9fc09bb2d0c0e7e) Importer(815301076,1909f56bfc062723c751e8b465ee728b)  -> (artifact id: 'a208dcc13ecf2dd0374fe42750dab6b1') in 0.017494 seconds 
========================================================================
Received Import Request.
  Time since last request: 19.840895 seconds.
  path: Assets/Test.cs
  artifactKey: Guid(f8bd1ab4645a1754f9fc09bb2d0c0e7e) Importer(815301076,1909f56bfc062723c751e8b465ee728b)
Start importing Assets/Test.cs using Guid(f8bd1ab4645a1754f9fc09bb2d0c0e7e) Importer(815301076,1909f56bfc062723c751e8b465ee728b)  -> (artifact id: 'd85a5b89367bf560ba17aa400671b165') in 0.002925 seconds 
========================================================================
Received Import Request.
  Time since last request: 13.762507 seconds.
  path: Assets/Test.cs
  artifactKey: Guid(f8bd1ab4645a1754f9fc09bb2d0c0e7e) Importer(815301076,1909f56bfc062723c751e8b465ee728b)
Start importing Assets/Test.cs using Guid(f8bd1ab4645a1754f9fc09bb2d0c0e7e) Importer(815301076,1909f56bfc062723c751e8b465ee728b)  -> (artifact id: '58f0d220b2c56ef5f900f4502fc1c2cd') in 0.002126 seconds 
========================================================================
Received Import Request.
  Time since last request: 11.911095 seconds.
  path: Assets/Test.cs
  artifactKey: Guid(f8bd1ab4645a1754f9fc09bb2d0c0e7e) Importer(815301076,1909f56bfc062723c751e8b465ee728b)
Start importing Assets/Test.cs using Guid(f8bd1ab4645a1754f9fc09bb2d0c0e7e) Importer(815301076,1909f56bfc062723c751e8b465ee728b)  -> (artifact id: '9da4fa87b91cc4a6d3fa4a23bb2691e0') in 0.002250 seconds 
